Performing C SOURCE FILE Test CMAKE_HAVE_LIBC_PTHREAD failed with the following output:
Change Dir: /home/mingh/robot-controller/CMakeFiles/CMakeTmp

Run Build Command(s):/usr/bin/make cmTC_d1bb7/fast && /usr/bin/make  -f CMakeFiles/cmTC_d1bb7.dir/build.make CMakeFiles/cmTC_d1bb7.dir/build
make[1]: Entering directory '/home/mingh/robot-controller/CMakeFiles/CMakeTmp'
Building C object CMakeFiles/cmTC_d1bb7.dir/src.c.o
/usr/bin/cc -DCMAKE_HAVE_LIBC_PTHREAD   -o CMakeFiles/cmTC_d1bb7.dir/src.c.o -c /home/mingh/robot-controller/CMakeFiles/CMakeTmp/src.c
Linking C executable cmTC_d1bb7
/home/mingh/.local/bin/cmake -E cmake_link_script CMakeFiles/cmTC_d1bb7.dir/link.txt --verbose=1
/usr/bin/cc CMakeFiles/cmTC_d1bb7.dir/src.c.o -o cmTC_d1bb7 
CMakeFiles/cmTC_d1bb7.dir/src.c.o: In function `main':
src.c:(.text+0x3e): undefined reference to `pthread_create'
src.c:(.text+0x4a): undefined reference to `pthread_detach'
src.c:(.text+0x56): undefined reference to `pthread_cancel'
src.c:(.text+0x67): undefined reference to `pthread_join'
src.c:(.text+0x7b): undefined reference to `pthread_atfork'
collect2: error: ld returned 1 exit status
CMakeFiles/cmTC_d1bb7.dir/build.make:105: recipe for target 'cmTC_d1bb7' failed
make[1]: *** [cmTC_d1bb7] Error 1
make[1]: Leaving directory '/home/mingh/robot-controller/CMakeFiles/CMakeTmp'
Makefile:140: recipe for target 'cmTC_d1bb7/fast' failed
make: *** [cmTC_d1bb7/fast] Error 2


Source file was:
#include <pthread.h>

static void* test_func(void* data)
{
  return data;
}

int main(void)
{
  pthread_t thread;
  pthread_create(&thread, NULL, test_func, NULL);
  pthread_detach(thread);
  pthread_cancel(thread);
  pthread_join(thread, NULL);
  pthread_atfork(NULL, NULL, NULL);
  pthread_exit(NULL);

  return 0;
}

Determining if the function pthread_create exists in the pthreads failed with the following output:
Change Dir: /home/mingh/robot-controller/CMakeFiles/CMakeTmp

Run Build Command(s):/usr/bin/make cmTC_fe227/fast && /usr/bin/make  -f CMakeFiles/cmTC_fe227.dir/build.make CMakeFiles/cmTC_fe227.dir/build
make[1]: Entering directory '/home/mingh/robot-controller/CMakeFiles/CMakeTmp'
Building C object CMakeFiles/cmTC_fe227.dir/CheckFunctionExists.c.o
/usr/bin/cc   -DCHECK_FUNCTION_EXISTS=pthread_create -o CMakeFiles/cmTC_fe227.dir/CheckFunctionExists.c.o -c /home/mingh/.local/share/cmake-3.19/Modules/CheckFunctionExists.c
Linking C executable cmTC_fe227
/home/mingh/.local/bin/cmake -E cmake_link_script CMakeFiles/cmTC_fe227.dir/link.txt --verbose=1
/usr/bin/cc  -DCHECK_FUNCTION_EXISTS=pthread_create CMakeFiles/cmTC_fe227.dir/CheckFunctionExists.c.o -o cmTC_fe227  -lpthreads 
/usr/bin/ld: cannot find -lpthreads
collect2: error: ld returned 1 exit status
CMakeFiles/cmTC_fe227.dir/build.make:105: recipe for target 'cmTC_fe227' failed
make[1]: *** [cmTC_fe227] Error 1
make[1]: Leaving directory '/home/mingh/robot-controller/CMakeFiles/CMakeTmp'
Makefile:140: recipe for target 'cmTC_fe227/fast' failed
make: *** [cmTC_fe227/fast] Error 2



